{
  "RSpec": {
    "coverage": {
      "/Users/dillondrobena/RubymineProjects/JustPizza/config/environment.rb": [
        null,
        1,
        null,
        null,
        1
      ],
      "/Users/dillondrobena/RubymineProjects/JustPizza/config/environments/test.rb": [
        1,
        null,
        null,
        null,
        null,
        null,
        null,
        1,
        null,
        null,
        null,
        null,
        1,
        null,
        null,
        1,
        1,
        null,
        null,
        1,
        1,
        null,
        null,
        1,
        null,
        null,
        1,
        null,
        null,
        null,
        null,
        1,
        null,
        null,
        1,
        null,
        null,
        1,
        null,
        null,
        null,
        null
      ],
      "/Users/dillondrobena/RubymineProjects/JustPizza/config/initializers/assets.rb": [
        null,
        null,
        null,
        1,
        null,
        null,
        null,
        null,
        null,
        null,
        null
      ],
      "/Users/dillondrobena/RubymineProjects/JustPizza/config/initializers/backtrace_silencers.rb": [
        null,
        null,
        null,
        null,
        null,
        null,
        null
      ],
      "/Users/dillondrobena/RubymineProjects/JustPizza/config/initializers/cookies_serializer.rb": [
        null,
        null,
        1
      ],
      "/Users/dillondrobena/RubymineProjects/JustPizza/config/initializers/filter_parameter_logging.rb": [
        null,
        null,
        null,
        1
      ],
      "/Users/dillondrobena/RubymineProjects/JustPizza/config/initializers/inflections.rb": [
        null,
        null,
        null,
        null,
        null,
        null,
        null,
        null,
        null,
        null,
        null,
        null,
        null,
        null,
        null,
        null
      ],
      "/Users/dillondrobena/RubymineProjects/JustPizza/config/initializers/mime_types.rb": [
        null,
        null,
        null,
        null
      ],
      "/Users/dillondrobena/RubymineProjects/JustPizza/config/initializers/session_store.rb": [
        null,
        null,
        1
      ],
      "/Users/dillondrobena/RubymineProjects/JustPizza/config/initializers/wrap_parameters.rb": [
        null,
        null,
        null,
        null,
        null,
        null,
        1,
        0,
        null,
        null,
        null,
        null,
        null,
        null
      ],
      "/Users/dillondrobena/RubymineProjects/JustPizza/config/routes.rb": [
        1,
        1,
        null,
        1,
        1,
        1,
        1,
        null,
        1,
        null,
        1,
        null,
        null,
        null,
        null,
        null,
        null,
        null,
        null,
        null,
        null,
        null,
        null,
        null,
        null,
        null,
        null,
        null,
        null,
        null,
        null,
        null,
        null,
        null,
        null,
        null,
        null,
        null,
        null,
        null,
        null,
        null,
        null,
        null,
        null,
        null,
        null,
        null,
        null,
        null,
        null,
        null,
        null,
        null,
        null,
        null,
        null,
        null,
        null,
        null,
        null,
        null,
        null,
        null
      ],
      "/Users/dillondrobena/RubymineProjects/JustPizza/test/models/pizza_test.rb": [
        1,
        null,
        1,
        null,
        1,
        1,
        null,
        1,
        1,
        null,
        null
      ],
      "/Users/dillondrobena/RubymineProjects/JustPizza/test/models/topping_test.rb": [
        1,
        null,
        1,
        null,
        null,
        null,
        null
      ],
      "/Users/dillondrobena/RubymineProjects/JustPizza/test/models/user_test.rb": [
        1,
        null,
        1,
        1,
        10,
        null,
        null,
        1,
        1,
        null,
        null,
        1,
        1,
        1,
        null,
        null,
        1,
        1,
        1,
        null,
        null,
        1,
        1,
        null,
        1,
        5,
        5,
        null,
        null,
        null,
        1,
        1,
        null,
        1,
        5,
        5,
        null,
        null,
        null,
        1,
        1,
        1,
        1,
        1,
        null,
        null,
        1,
        1,
        1,
        null,
        null,
        1,
        1,
        1,
        null,
        null,
        1,
        1,
        1,
        1,
        1,
        null,
        null,
        1,
        1,
        null,
        null,
        null
      ],
      "/Users/dillondrobena/RubymineProjects/JustPizza/app/models/crust.rb": [
        1,
        1,
        null
      ],
      "/Users/dillondrobena/RubymineProjects/JustPizza/app/models/pizza.rb": [
        1,
        1,
        1,
        1,
        null
      ],
      "/Users/dillondrobena/RubymineProjects/JustPizza/app/models/topping.rb": [
        1,
        1,
        null
      ],
      "/Users/dillondrobena/RubymineProjects/JustPizza/app/models/user.rb": [
        1,
        1,
        3,
        1,
        1,
        1,
        null,
        null,
        1,
        1,
        null,
        null,
        1,
        1,
        null,
        1,
        null,
        null,
        1,
        0,
        null,
        null,
        1,
        0,
        0,
        null,
        null,
        1,
        1,
        0,
        null,
        null,
        1,
        0,
        null,
        null
      ]
    },
    "timestamp": 1445466564
  }
}
